[ 2024-09-30 20:46:17,740 ] 26 root - INFO - Data Ingestion method starts
[ 2024-09-30 20:46:17,805 ] 30 root - INFO - Dataset read as pandas Dataframe
[ 2024-09-30 20:46:17,942 ] 35 root - INFO - Raw data is created
[ 2024-09-30 20:46:18,063 ] 42 root - INFO - Ingestion of Data is completed
[ 2024-09-30 20:46:18,180 ] 75 root - INFO - Read train and test data completed
[ 2024-09-30 20:46:18,188 ] 76 root - INFO - Train Dataframe Head : 
   instant      dteday  season  yr  mnth  hr  holiday  weekday  workingday  weathersit  temp   atemp   hum  windspeed  casual  registered  cnt
0    11230  2012-04-18       2   1     4   2        0        3           1           2  0.50  0.4848  0.42     0.1940       1           8    9
1     6335  2011-09-26       4   0     9  12        0        1           1           2  0.68  0.6364  0.79     0.1642      48         161  209
2    11061  2012-04-11       2   1     4   0        0        3           1           1  0.34  0.3030  0.36     0.4179       8          22   30
3    12347  2012-06-03       2   1     6  15        0        0           0           1  0.70  0.6364  0.34     0.0000     236         408  644
4    15438  2012-10-10       4   1    10  10        0        3           1           1  0.56  0.5303  0.52     0.2985      27         190  217
[ 2024-09-30 20:46:18,202 ] 77 root - INFO - Test Dataframe Head  : 
   instant      dteday  season  yr  mnth  hr  holiday  weekday  workingday  weathersit  temp   atemp   hum  windspeed  casual  registered  cnt
0    12831  2012-06-23       3   1     6  19        0        6           0           1  0.80  0.6970  0.27     0.1940     185         240  425
1     8689  2012-01-02       1   1     1  20        1        1           0           1  0.24  0.2273  0.41     0.2239       5          83   88
2     7092  2011-10-28       4   0    10   2        0        5           1           1  0.32  0.3030  0.66     0.2836       1           3    4
3    12231  2012-05-29       2   1     5  19        0        2           1           1  0.78  0.7121  0.52     0.3582      69         457  526
4      432  2011-01-20       1   0     1   0        0        4           1           1  0.26  0.2273  0.56     0.3881       5           8   13
[ 2024-09-30 20:46:18,202 ] 79 root - INFO - Obtaining preprocessing object
[ 2024-09-30 20:46:18,202 ] 26 root - INFO - Data Transformation initiated
[ 2024-09-30 20:46:18,202 ] 34 root - INFO - Pipeline Initiated
[ 2024-09-30 20:46:18,246 ] 96 root - INFO - Applying preprocessing object on training and testing datasets.
[ 2024-09-30 20:46:18,248 ] 108 root - INFO - Preprocessor pickle file saved
[ 2024-09-30 20:46:18,248 ] 32 root - INFO - Splitting Dependent and Independent variables from train and test data
[ 2024-09-30 20:46:29,601 ] 82 root - INFO - Model Report: {'LinearRegression': 0.38716067385039854, 'Random Forest': 0.9448971736463873, 'Extra Trees Regressor': 0.9473048441820265, 'Lightgbm': 0.9492661502600495}
[ 2024-09-30 20:46:29,601 ] 93 root - INFO - Best Model Found, Model Name: Lightgbm, R2 Score: 0.9492661502600495
[ 2024-09-30 20:46:29,601 ] 99 root - INFO - Started hyper parameter tuning
[ 2024-09-30 20:46:47,843 ] 105 root - INFO - Best Model after Hyperparameter Tuning, Model Name: Lightgbm, R2 Score: 0.9521770679341991
